# JRE version: Java(TM) SE Runtime Environment (8.0_121-b13) (build 1.8.0_121-b13)
# Java VM: Java HotSpot(TM) 64-Bit Server VM (25.121-b13 mixed mode linux-amd64 compressed oops)
Heap:
 def new generation   total 57792K, used 0K [0x00000000e0a00000, 0x00000000e48b0000, 0x00000000eb150000)
  eden space 51392K,   0% used [0x00000000e0a00000, 0x00000000e0a00000, 0x00000000e3c30000)
  from space 6400K,   0% used [0x00000000e4270000, 0x00000000e4270000, 0x00000000e48b0000)
  to   space 6400K,   0% used [0x00000000e3c30000, 0x00000000e3c30000, 0x00000000e4270000)
 tenured generation   total 129184K, used 128472K [0x00000000eb150000, 0x00000000f2f78000, 0x0000000100000000)
   the space 129184K,  99% used [0x00000000eb150000, 0x00000000f2ec61f0, 0x00000000f2ec6200, 0x00000000f2f78000)
 Metaspace       used 48236K, capacity 50538K, committed 50816K, reserved 1093632K
  class space    used 6200K, capacity 6707K, committed 6784K, reserved 1048576K
GC Heap History (10 events):
Event: 22.510 GC heap after
Heap after GC invocations=41 (full 4):
 def new generation   total 57792K, used 532K [0x00000000e0a00000, 0x00000000e48b0000, 0x00000000eb150000)
  eden space 51392K,   0% used [0x00000000e0a00000, 0x00000000e0a00000, 0x00000000e3c30000)
  from space 6400K,   8% used [0x00000000e3c30000, 0x00000000e3cb5128, 0x00000000e4270000)
  to   space 6400K,   0% used [0x00000000e4270000, 0x00000000e4270000, 0x00000000e48b0000)
 tenured generation   total 128224K, used 111116K [0x00000000eb150000, 0x00000000f2e88000, 0x0000000100000000)
   the space 128224K,  86% used [0x00000000eb150000, 0x00000000f1dd32d0, 0x00000000f1dd3400, 0x00000000f2e88000)
 Metaspace       used 48075K, capacity 50352K, committed 50560K, reserved 1093632K
  class space    used 6194K, capacity 6698K, committed 6784K, reserved 1048576K
}
Event: 22.750 GC heap before
{Heap before GC invocations=41 (full 4):
 def new generation   total 57792K, used 51924K [0x00000000e0a00000, 0x00000000e48b0000, 0x00000000eb150000)
  eden space 51392K, 100% used [0x00000000e0a00000, 0x00000000e3c30000, 0x00000000e3c30000)
  from space 6400K,   8% used [0x00000000e3c30000, 0x00000000e3cb5128, 0x00000000e4270000)
  to   space 6400K,   0% used [0x00000000e4270000, 0x00000000e4270000, 0x00000000e48b0000)
 tenured generation   total 128224K, used 111116K [0x00000000eb150000, 0x00000000f2e88000, 0x0000000100000000)
   the space 128224K,  86% used [0x00000000eb150000, 0x00000000f1dd32d0, 0x00000000f1dd3400, 0x00000000f2e88000)
 Metaspace       used 48110K, capacity 50360K, committed 50560K, reserved 1093632K
  class space    used 6196K, capacity 6700K, committed 6784K, reserved 1048576K
Event: 22.753 GC heap after
Heap after GC invocations=42 (full 4):
 def new generation   total 57792K, used 623K [0x00000000e0a00000, 0x00000000e48b0000, 0x00000000eb150000)
  eden space 51392K,   0% used [0x00000000e0a00000, 0x00000000e0a00000, 0x00000000e3c30000)
  from space 6400K,   9% used [0x00000000e4270000, 0x00000000e430bcd0, 0x00000000e48b0000)
  to   space 6400K,   0% used [0x00000000e3c30000, 0x00000000e3c30000, 0x00000000e4270000)
 tenured generation   total 128224K, used 111116K [0x00000000eb150000, 0x00000000f2e88000, 0x0000000100000000)
   the space 128224K,  86% used [0x00000000eb150000, 0x00000000f1dd32d0, 0x00000000f1dd3400, 0x00000000f2e88000)
 Metaspace       used 48110K, capacity 50360K, committed 50560K, reserved 1093632K
  class space    used 6196K, capacity 6700K, committed 6784K, reserved 1048576K
}
Event: 23.176 GC heap before
{Heap before GC invocations=42 (full 4):
 def new generation   total 57792K, used 52015K [0x00000000e0a00000, 0x00000000e48b0000, 0x00000000eb150000)
  eden space 51392K, 100% used [0x00000000e0a00000, 0x00000000e3c30000, 0x00000000e3c30000)
  from space 6400K,   9% used [0x00000000e4270000, 0x00000000e430bcd0, 0x00000000e48b0000)
  to   space 6400K,   0% used [0x00000000e3c30000, 0x00000000e3c30000, 0x00000000e4270000)
 tenured generation   total 128224K, used 111116K [0x00000000eb150000, 0x00000000f2e88000, 0x0000000100000000)
   the space 128224K,  86% used [0x00000000eb150000, 0x00000000f1dd32d0, 0x00000000f1dd3400, 0x00000000f2e88000)
 Metaspace       used 48187K, capacity 50446K, committed 50560K, reserved 1093632K
  class space    used 6198K, capacity 6703K, committed 6784K, reserved 1048576K
Event: 23.230 GC heap after
Heap after GC invocations=43 (full 4):
 def new generation   total 57792K, used 6399K [0x00000000e0a00000, 0x00000000e48b0000, 0x00000000eb150000)
  eden space 51392K,   0% used [0x00000000e0a00000, 0x00000000e0a00000, 0x00000000e3c30000)
  from space 6400K,  99% used [0x00000000e3c30000, 0x00000000e426fff8, 0x00000000e4270000)
  to   space 6400K,   0% used [0x00000000e4270000, 0x00000000e4270000, 0x00000000e48b0000)
 tenured generation   total 128224K, used 113526K [0x00000000eb150000, 0x00000000f2e88000, 0x0000000100000000)
   the space 128224K,  88% used [0x00000000eb150000, 0x00000000f202db70, 0x00000000f202dc00, 0x00000000f2e88000)
 Metaspace       used 48187K, capacity 50446K, committed 50560K, reserved 1093632K
  class space    used 6198K, capacity 6703K, committed 6784K, reserved 1048576K
}
Event: 23.487 GC heap before
{Heap before GC invocations=43 (full 4):
 def new generation   total 57792K, used 57791K [0x00000000e0a00000, 0x00000000e48b0000, 0x00000000eb150000)
  eden space 51392K, 100% used [0x00000000e0a00000, 0x00000000e3c30000, 0x00000000e3c30000)
  from space 6400K,  99% used [0x00000000e3c30000, 0x00000000e426fff8, 0x00000000e4270000)
  to   space 6400K,   0% used [0x00000000e4270000, 0x00000000e4270000, 0x00000000e48b0000)
 tenured generation   total 128224K, used 113526K [0x00000000eb150000, 0x00000000f2e88000, 0x0000000100000000)
   the space 128224K,  88% used [0x00000000eb150000, 0x00000000f202db70, 0x00000000f202dc00, 0x00000000f2e88000)
 Metaspace       used 48217K, capacity 50514K, committed 50816K, reserved 1093632K
  class space    used 6198K, capacity 6703K, committed 6784K, reserved 1048576K
Event: 23.519 GC heap after
Heap after GC invocations=44 (full 4):
 def new generation   total 57792K, used 3263K [0x00000000e0a00000, 0x00000000e48b0000, 0x00000000eb150000)
  eden space 51392K,   0% used [0x00000000e0a00000, 0x00000000e0a00000, 0x00000000e3c30000)
  from space 6400K,  50% used [0x00000000e4270000, 0x00000000e459fe58, 0x00000000e48b0000)
  to   space 6400K,   0% used [0x00000000e3c30000, 0x00000000e3c30000, 0x00000000e4270000)
 tenured generation   total 128224K, used 119610K [0x00000000eb150000, 0x00000000f2e88000, 0x0000000100000000)
   the space 128224K,  93% used [0x00000000eb150000, 0x00000000f261ea50, 0x00000000f261ec00, 0x00000000f2e88000)
 Metaspace       used 48217K, capacity 50514K, committed 50816K, reserved 1093632K
  class space    used 6198K, capacity 6703K, committed 6784K, reserved 1048576K
}
Event: 23.818 GC heap before
{Heap before GC invocations=44 (full 4):
 def new generation   total 57792K, used 54655K [0x00000000e0a00000, 0x00000000e48b0000, 0x00000000eb150000)
  eden space 51392K, 100% used [0x00000000e0a00000, 0x00000000e3c30000, 0x00000000e3c30000)
  from space 6400K,  50% used [0x00000000e4270000, 0x00000000e459fe58, 0x00000000e48b0000)
  to   space 6400K,   0% used [0x00000000e3c30000, 0x00000000e3c30000, 0x00000000e4270000)
 tenured generation   total 128224K, used 119610K [0x00000000eb150000, 0x00000000f2e88000, 0x0000000100000000)
   the space 128224K,  93% used [0x00000000eb150000, 0x00000000f261ea50, 0x00000000f261ec00, 0x00000000f2e88000)
 Metaspace       used 48231K, capacity 50538K, committed 50816K, reserved 1093632K
  class space    used 6200K, capacity 6707K, committed 6784K, reserved 1048576K
Event: 23.863 GC heap after
Heap after GC invocations=45 (full 4):
 def new generation   total 57792K, used 6225K [0x00000000e0a00000, 0x00000000e48b0000, 0x00000000eb150000)
  eden space 51392K,   0% used [0x00000000e0a00000, 0x00000000e0a00000, 0x00000000e3c30000)
  from space 6400K,  97% used [0x00000000e3c30000, 0x00000000e42445e0, 0x00000000e4270000)
  to   space 6400K,   0% used [0x00000000e4270000, 0x00000000e4270000, 0x00000000e48b0000)
 tenured generation   total 128224K, used 122769K [0x00000000eb150000, 0x00000000f2e88000, 0x0000000100000000)
   the space 128224K,  95% used [0x00000000eb150000, 0x00000000f2934700, 0x00000000f2934800, 0x00000000f2e88000)
 Metaspace       used 48231K, capacity 50538K, committed 50816K, reserved 1093632K
  class space    used 6200K, capacity 6707K, committed 6784K, reserved 1048576K
}
Event: 24.090 GC heap before
{Heap before GC invocations=45 (full 4):
 def new generation   total 57792K, used 57617K [0x00000000e0a00000, 0x00000000e48b0000, 0x00000000eb150000)
  eden space 51392K, 100% used [0x00000000e0a00000, 0x00000000e3c30000, 0x00000000e3c30000)
  from space 6400K,  97% used [0x00000000e3c30000, 0x00000000e42445e0, 0x00000000e4270000)
  to   space 6400K,   0% used [0x00000000e4270000, 0x00000000e4270000, 0x00000000e48b0000)
 tenured generation   total 128224K, used 122769K [0x00000000eb150000, 0x00000000f2e88000, 0x0000000100000000)
   the space 128224K,  95% used [0x00000000eb150000, 0x00000000f2934700, 0x00000000f2934800, 0x00000000f2e88000)
 Metaspace       used 48236K, capacity 50538K, committed 50816K, reserved 1093632K
  class space    used 6200K, capacity 6707K, committed 6784K, reserved 1048576K

